<?xml version="1.0" encoding="UTF-8"?>
<!-- Generated by org.testng.reporters.JUnitXMLReporter -->
<testsuite hostname="DESKTOP-2JV4QRQ" ignored="0" name="Device 1" tests="4" failures="0" timestamp="20 Oct 2022 04:40:02 GMT" time="22.824" errors="0">
  <testcase name="runScenario" time="15.779" classname="io.cucumber.testng.AbstractTestNGCucumberTests"/>
  <testcase name="runScenario" time="17.133" classname="io.cucumber.testng.AbstractTestNGCucumberTests"/>
  <testcase name="runScenario" time="20.06" classname="io.cucumber.testng.AbstractTestNGCucumberTests"/>
  <testcase name="runScenario" time="21.983" classname="io.cucumber.testng.AbstractTestNGCucumberTests"/>
</testsuite> <!-- Device 1 -->
