<?xml version="1.0" encoding="UTF-8"?>
<!-- Generated by org.testng.reporters.JUnitXMLReporter -->
<testsuite hostname="DESKTOP-2JV4QRQ" ignored="0" name="Device 1" tests="4" failures="0" timestamp="20 Oct 2022 15:00:56 GMT" time="40.355" errors="0">
  <testcase name="runScenario" time="14.2" classname="io.cucumber.testng.AbstractTestNGCucumberTests"/>
  <testcase name="runScenario" time="27.953" classname="io.cucumber.testng.AbstractTestNGCucumberTests"/>
  <testcase name="runScenario" time="8.934" classname="io.cucumber.testng.AbstractTestNGCucumberTests"/>
  <testcase name="runScenario" time="8.809" classname="io.cucumber.testng.AbstractTestNGCucumberTests"/>
</testsuite> <!-- Device 1 -->
