<?xml version="1.0" encoding="UTF-8"?>
<!-- Generated by org.testng.reporters.JUnitXMLReporter -->
<testsuite hostname="DESKTOP-2JV4QRQ" ignored="0" name="Device 2" tests="4" failures="0" timestamp="20 Oct 2022 15:00:54 GMT" time="38.658" errors="0">
  <testcase name="runScenario" time="20.479" classname="io.cucumber.testng.AbstractTestNGCucumberTests"/>
  <testcase name="runScenario" time="23.874" classname="io.cucumber.testng.AbstractTestNGCucumberTests"/>
  <testcase name="runScenario" time="10.711" classname="io.cucumber.testng.AbstractTestNGCucumberTests"/>
  <testcase name="runScenario" time="10.871" classname="io.cucumber.testng.AbstractTestNGCucumberTests"/>
</testsuite> <!-- Device 2 -->
